{"level":"info","message":"POST /api/login - ::1"}
{"level":"info","message":"POST /api/auth/login - ::1"}
{"level":"info","message":"POST /api/auth/login - ::1"}
{"level":"info","message":"POST /api/auth/login - ::1"}
{"level":"info","message":"POST /api/auth/login - ::1"}
{"level":"info","message":"POST /api/auth/login - ::1"}
{"level":"info","message":"POST /api/auth/login - ::1"}
{"level":"info","message":"POST /api/auth/login - ::1"}
{"level":"info","message":"POST /api/auth/login - ::1"}
{"level":"info","message":"POST /api/auth/login - ::1"}
{"level":"info","message":"POST /api/auth/login - ::1"}
{"level":"info","message":"GET /api/admin/users - ::1"}
{"level":"info","message":"GET /api/admin/users - ::1"}
{"level":"info","message":"GET /api/admin/users - ::1"}
{"level":"info","message":"GET /api/admin/users - ::1"}
{"level":"info","message":"GET /api/admin/users - ::1"}
{"level":"info","message":"GET /api/admin/users - ::1"}
{"level":"info","message":"GET /api/admin/users - ::1"}
{"level":"info","message":"GET /api/admin/users - ::1"}
{"level":"info","message":"POST /api/auth/login - ::1"}
{"level":"info","message":"POST /api/auth/login - ::1"}
{"level":"info","message":"POST /api/auth/login - ::1"}
{"level":"info","message":"POST /api/auth/login - ::1"}
{"level":"info","message":"POST /api/auth/logout - ::1"}
{"level":"info","message":"POST /api/auth/login - ::1"}
{"level":"info","message":"POST /api/auth/login - ::1"}
{"level":"info","message":"GET /api/admin/users?limit=10&offset=0&search= - ::1"}
{"level":"info","message":"GET /api/admin/users?limit=10&offset=0&search= - ::1"}
{"level":"info","message":"GET /api/admin/users?limit=10&offset=0&search= - ::1"}
{"level":"info","message":"GET /api/admin/users?limit=10&offset=0&search= - ::1"}
{"level":"info","message":"GET /api/admin/users?limit=10&offset=0&search= - ::1"}
{"level":"info","message":"GET /api/admin/users?limit=10&offset=0&search= - ::ffff:127.0.0.1"}
{"level":"info","message":"GET /api/admin/users?limit=10&offset=0&search= - ::1"}
{"level":"info","message":"GET /api/admin/users?limit=10&offset=0&search= - ::1"}
{"level":"info","message":"GET /api/admin/users?limit=10&offset=0&search= - ::1"}
{"level":"info","message":"GET /api/admin/users?limit=10&offset=0&search= - ::1"}
{"level":"info","message":"GET /api/admin/users?limit=10&offset=0&search=admin - ::1"}
{"level":"info","message":"GET /api/admin/users?limit=10&offset=0&search=adm - ::1"}
{"level":"info","message":"GET /api/admin/users?limit=10&offset=0 - ::1"}
{"level":"info","message":"GET /api/admin/users - ::1"}
{"level":"info","message":"GET /api/admin/users - ::1"}
{"level":"info","message":"GET /api/admin/users - ::1"}
{"level":"info","message":"PUT /api/admin/users/a06621ac-6982-4a38-afd1-e81f43300edc - ::1"}
{"level":"info","message":"PUT /api/admin/users/a06621ac-6982-4a38-afd1-e81f43300edc - ::1"}
{"level":"info","message":"GET /api/admin/users?limit=10&offset=0&search= - ::1"}
{"level":"info","message":"GET /api/admin/users?limit=10&offset=0&search= - ::1"}
{"level":"info","message":"GET /api/admin/users?limit=10&offset=0&search= - ::1"}
{"level":"info","message":"GET /api/admin/users?limit=10&offset=0&search= - ::1"}
{"level":"info","message":"GET /api/admin/users - ::1"}
{"level":"info","message":"GET /api/admin/users?limit=10&offset=0&search= - ::1"}
{"level":"info","message":"GET /api/admin/users?limit=10&offset=0&search= - ::1"}
{"level":"info","message":"POST /api/admin/users - ::1"}
{"level":"info","message":"POST /api/admin/users - ::1"}
{"level":"info","message":"GET /api/admin/users?limit=10&offset=0&search= - ::1"}
{"level":"info","message":"GET /api/admin/users?limit=10&offset=0&search= - ::1"}
{"level":"info","message":"DELETE /api/admin/users/dc84522e-12de-4b97-bca0-da23ea92a1aa - ::1"}
{"level":"info","message":"GET /api/admin/users?limit=10&offset=0&search= - ::1"}
{"level":"info","message":"GET /api/admin/users?limit=10&offset=0&search= - ::1"}
{"level":"info","message":"GET /api/admin/users?limit=10&offset=0&search= - ::1"}
{"level":"info","message":"POST /api/admin/users - ::1"}
{"level":"info","message":"GET /api/admin/users?limit=10&offset=0&search= - ::1"}
{"level":"info","message":"GET /api/admin/users?limit=10&offset=0&search=siko - ::1"}
{"level":"info","message":"GET /api/admin/users?limit=10&offset=0&search=siko.spade - ::1"}
{"level":"info","message":"GET /api/admin/users?limit=10&offset=0&search=Sigit - ::1"}
{"level":"info","message":"GET /api/admin/users?limit=10&offset=0&search=Sigit - ::1"}
{"level":"info","message":"GET /api/admin/users - ::1"}
{"level":"info","message":"PUT /api/admin/users/59f8c10b-93fd-4605-ba62-82a246da36dc - ::1"}
{"level":"info","message":"GET /api/admin/users?limit=10&offset=0&search= - ::1"}
{"level":"info","message":"GET /api/admin/users?limit=10&offset=0&search= - ::1"}
{"level":"info","message":"GET /api/admin/users?limit=10&offset=0&search=sigit - ::1"}
{"level":"info","message":"GET /api/admin/users?limit=10&offset=0 - ::1"}
{"level":"info","message":"DELETE /api/admin/users/59f8c10b-93fd-4605-ba62-82a246da36dc - ::1"}
{"level":"info","message":"GET /api/admin/users?limit=10&offset=0&search= - ::1"}
{"level":"info","message":"GET /api/admin/users?limit=10&offset=0&search= - ::1"}
{"level":"info","message":"GET /api/admin/users?limit=10&offset=0&search= - ::1"}
{"level":"info","message":"GET /api/admin/categories?limit=10&offset=0&search= - ::1"}
{"level":"info","message":"GET /api/admin/categories?limit=10&offset=0&search= - ::1"}
{"level":"info","message":"POST /api/admin/categories - ::1"}
{"level":"info","message":"POST /api/admin/categories - ::1"}
{"level":"info","message":"GET /api/admin/categories?limit=10&offset=0&search= - ::1"}
{"level":"info","message":"DELETE /api/admin/categories/52c470a9-4901-4f99-b632-edaebdc103a9 - ::1"}
{"level":"info","message":"GET /api/admin/categories?limit=10&offset=0&search= - ::1"}
{"level":"info","message":"DELETE /api/admin/categories/31757fbc-ad4f-407e-ac15-2afb79746c07 - ::1"}
{"level":"info","message":"GET /api/admin/categories?limit=10&offset=0&search= - ::1"}
{"level":"info","message":"POST /api/admin/categories - ::1"}
{"level":"info","message":"GET /api/admin/categories?limit=10&offset=0&search= - ::1"}
{"level":"info","message":"GET /api/admin/categories?limit=10&offset=0&search= - ::1"}
{"level":"info","message":"GET /api/admin/categories?limit=10&offset=0&search= - ::1"}
{"level":"info","message":"GET /api/admin/categories - ::1"}
{"level":"info","message":"PUT /api/admin/categories/aa91bd40-aaa1-4c21-af68-fc7629db8d1d - ::1"}
{"level":"info","message":"GET /api/admin/categories?limit=10&offset=0&search= - ::1"}
{"level":"info","message":"GET /api/admin/categories - ::1"}
{"level":"info","message":"GET /api/admin/categories?limit=10&offset=0&search= - ::1"}
{"level":"info","message":"POST /api/admin/categories - ::1"}
{"level":"info","message":"GET /api/admin/categories?limit=10&offset=0&search= - ::1"}
{"level":"info","message":"GET /api/admin/categories?limit=10&offset=0&search=dsa - ::1"}
{"level":"info","message":"GET /api/admin/categories?limit=10&offset=0 - ::1"}
{"level":"info","message":"GET /api/admin/categories?limit=10&offset=0 - ::1"}
{"level":"info","message":"GET /api/admin/categories?limit=10&offset=0 - ::1"}
{"level":"info","message":"DELETE /api/admin/categories/aa91bd40-aaa1-4c21-af68-fc7629db8d1d - ::1"}
{"level":"info","message":"GET /api/admin/categories?limit=10&offset=0&search= - ::1"}
{"level":"info","message":"GET /api/admin/categories - ::1"}
{"level":"info","message":"PUT /api/admin/categories/9c3548b7-8b93-48ec-b7f9-e04b796fed17 - ::1"}
{"level":"info","message":"GET /api/admin/categories?limit=10&offset=0&search= - ::1"}
{"level":"info","message":"GET /api/admin/categories?limit=10&offset=0&search= - ::1"}
{"level":"info","message":"GET /api/admin/products?limit=10&offset=0&search= - ::1"}
{"level":"info","message":"GET /api/admin/products?limit=10&offset=0&search= - ::1"}
{"level":"info","message":"GET /api/admin/products?limit=10&offset=0&search= - ::1"}
{"level":"info","message":"GET /api/admin/categories - ::1"}
{"level":"info","message":"POST /api/admin/products - ::1"}
{"level":"info","message":"GET /api/admin/categories - ::1"}
{"level":"info","message":"POST /api/admin/products - ::1"}
{"level":"info","message":"GET /api/admin/products?limit=10&offset=0&search= - ::1"}
{"level":"info","message":"GET /products/2025-09-30/1759201819874-569941466.jpg - ::1"}
{"level":"info","message":"GET /api/admin/products?limit=10&offset=0&search= - ::1"}
{"level":"info","message":"GET /products/2025-09-30/1759201819874-569941466.jpg - ::1"}
{"level":"info","message":"DELETE /api/admin/products/ac0f565e-78fc-41f2-9003-3f19544968e8 - ::1"}
{"level":"info","message":"GET /api/admin/products?limit=10&offset=0&search= - ::1"}
{"level":"info","message":"GET /api/admin/categories - ::1"}
{"level":"info","message":"POST /api/admin/products - ::1"}
{"level":"info","message":"GET /api/admin/products?limit=10&offset=0&search= - ::1"}
{"level":"info","message":"GET /products/2025-09-30/1759201927676-542047969.jpg - ::1"}
{"level":"info","message":"DELETE /api/admin/products/12c23291-5cba-4661-a811-8a9a2b2d4089 - ::1"}
{"level":"info","message":"GET /api/admin/products?limit=10&offset=0&search= - ::1"}
{"level":"info","message":"GET /api/admin/categories - ::1"}
{"level":"info","message":"POST /api/admin/products - ::1"}
{"level":"info","message":"POST /api/admin/products - ::1"}
{"level":"info","message":"GET /api/admin/products?limit=10&offset=0&search= - ::1"}
{"level":"info","message":"GET /products/2025-09-30/1759202019187-502189177.jpg - ::1"}
{"level":"info","message":"GET /products/2025-09-30/1759202018887-397156519.jpg - ::1"}
{"level":"info","message":"GET /api/admin/products?limit=10&offset=0&search= - ::1"}
{"level":"info","message":"GET /products/2025-09-30/1759202018887-397156519.jpg - ::1"}
{"level":"info","message":"GET /products/2025-09-30/1759202019187-502189177.jpg - ::1"}
{"level":"info","message":"DELETE /api/admin/products/561a34af-a56a-4e94-b651-ce020a86cd7d - ::1"}
{"level":"info","message":"GET /api/admin/products?limit=10&offset=0&search= - ::1"}
{"level":"info","message":"GET /products/2025-09-30/1759202018887-397156519.jpg - ::1"}
{"level":"info","message":"DELETE /api/admin/products/01bcb0cd-2bf8-4533-8e37-5695664c761f - ::1"}
{"level":"info","message":"GET /api/admin/products?limit=10&offset=0&search= - ::1"}
{"level":"info","message":"GET /api/admin/products?limit=10&offset=0&search= - ::1"}
{"level":"info","message":"GET /api/admin/categories - ::1"}
{"level":"info","message":"GET /api/admin/categories - ::1"}
{"level":"info","message":"POST /api/admin/products - ::1"}
{"level":"info","message":"POST /api/admin/products - ::1"}
{"level":"info","message":"GET /api/admin/products?limit=10&offset=0&search= - ::1"}
{"level":"info","message":"GET /products/2025-09-30/1759202176462-485656996.jpg - ::1"}
{"level":"info","message":"GET /products/2025-09-30/1759202176832-965114010.jpg - ::1"}
{"level":"info","message":"GET /api/admin/products?limit=10&offset=0&search= - ::1"}
{"level":"info","message":"GET /products/2025-09-30/1759202176462-485656996.jpg - ::1"}
{"level":"info","message":"GET /products/2025-09-30/1759202176832-965114010.jpg - ::1"}
{"level":"info","message":"DELETE /api/admin/products/8df53e9c-204f-444b-a134-6742d15f984d - ::1"}
{"level":"info","message":"GET /api/admin/products?limit=10&offset=0&search= - ::1"}
{"level":"info","message":"GET /products/2025-09-30/1759202176462-485656996.jpg - ::1"}
{"level":"info","message":"DELETE /api/admin/products/7613a4e6-4678-4144-be16-fc97fa36e830 - ::1"}
{"level":"info","message":"GET /api/admin/products?limit=10&offset=0&search= - ::1"}
{"level":"info","message":"GET /api/admin/products?limit=10&offset=0&search= - ::1"}
{"level":"info","message":"GET /api/admin/categories - ::1"}
{"level":"info","message":"GET /api/admin/categories - ::1"}
{"level":"info","message":"POST /api/admin/products - ::1"}
{"level":"info","message":"GET /api/admin/products?limit=10&offset=0&search= - ::1"}
{"level":"info","message":"GET /products/2025-09-30/1759202461793-89213378.jpg - ::1"}
{"level":"info","message":"GET /api/admin/products?limit=10&offset=0&search= - ::1"}
{"level":"info","message":"GET /products/2025-09-30/1759202461793-89213378.jpg - ::1"}
{"level":"info","message":"GET /api/admin/products?limit=10&offset=0&search= - ::1"}
{"level":"info","message":"GET /products/2025-09-30/1759202461793-89213378.jpg - ::1"}
{"level":"info","message":"DELETE /api/admin/products/12d2277d-6340-4253-b359-c070d4e3aca2 - ::1"}
{"level":"info","message":"GET /api/admin/products?limit=10&offset=0&search= - ::1"}
{"level":"info","message":"GET /api/admin/categories - ::1"}
{"level":"info","message":"POST /api/admin/products - ::1"}
{"level":"info","message":"GET /api/admin/products?limit=10&offset=0&search= - ::1"}
{"level":"info","message":"GET /products/2025-09-30/1759202542491-291152575.jpg - ::1"}
{"level":"info","message":"DELETE /api/admin/products/43ce78f3-5759-4488-bddf-cc8b24853588 - ::1"}
{"level":"info","message":"GET /api/admin/products?limit=10&offset=0&search= - ::1"}
{"level":"info","message":"GET /api/admin/products?limit=10&offset=0&search= - ::1"}
{"level":"info","message":"GET /api/admin/products?limit=10&offset=0&search= - ::1"}
{"level":"info","message":"GET /api/admin/categories - ::1"}
{"level":"info","message":"POST /api/admin/products - ::1"}
{"level":"info","message":"GET /api/admin/products?limit=10&offset=0&search= - ::1"}
{"level":"info","message":"GET /products/2025-09-30/1759202575543-537348251.jpg - ::1"}
{"level":"info","message":"GET /api/admin/products?limit=10&offset=0&search= - ::1"}
{"level":"info","message":"GET /products/2025-09-30/1759202575543-537348251.jpg - ::1"}
{"level":"info","message":"GET /api/admin/products?limit=10&offset=0&search= - ::1"}
{"level":"info","message":"GET /products/2025-09-30/1759202575543-537348251.jpg - ::1"}
{"level":"info","message":"GET /api/admin/products?limit=10&offset=0&search= - ::1"}
{"level":"info","message":"GET /products/2025-09-30/1759202575543-537348251.jpg - ::1"}
{"level":"info","message":"DELETE /api/admin/products/47e6767b-9bf5-4163-bb2e-961278cb075c - ::1"}
{"level":"info","message":"GET /api/admin/products?limit=10&offset=0&search= - ::1"}
{"level":"info","message":"GET /api/admin/products?limit=10&offset=0&search= - ::1"}
{"level":"info","message":"GET /api/admin/categories - ::1"}
{"level":"info","message":"GET /api/admin/categories - ::1"}
{"level":"info","message":"GET /api/admin/categories - ::1"}
{"level":"info","message":"GET /api/admin/products - ::1"}
{"level":"info","message":"GET /api/admin/products - ::1"}
{"level":"info","message":"GET /api/admin/categories - ::1"}
{"level":"info","message":"GET /api/admin/categories - ::1"}
{"level":"info","message":"GET /api/admin/categories?limit=10&offset=0&search= - ::1"}
{"level":"info","message":"GET /api/admin/users?limit=10&offset=0&search= - ::1"}
{"level":"info","message":"GET /api/admin/users?limit=10&offset=0&search= - ::1"}
{"level":"info","message":"GET /api/admin/users?limit=10&offset=0&search= - ::1"}
{"level":"info","message":"GET /api/admin/users?limit=10&offset=0&search= - ::1"}
{"level":"info","message":"GET /api/admin/users?limit=10&offset=0&search= - ::1"}
{"level":"info","message":"GET /api/admin/users?limit=10&offset=0&search= - ::1"}
{"level":"info","message":"POST /api/auth/logout - ::1"}
{"level":"info","message":"POST /api/auth/login - ::1"}
{"level":"info","message":"GET /api/admin/users?limit=10&offset=0&search= - ::1"}
{"level":"info","message":"GET /api/admin/categories?limit=10&offset=0&search= - ::1"}
{"level":"info","message":"GET /api/admin/products?limit=10&offset=0&search= - ::1"}
{"level":"info","message":"GET /api/admin/products?limit=10&offset=0&search= - ::1"}
{"level":"info","message":"GET /api/admin/categories - ::1"}
{"level":"info","message":"POST /api/admin/products - ::1"}
{"level":"info","message":"GET /api/admin/products?limit=10&offset=0&search= - ::1"}
{"level":"info","message":"GET /products/2025-09-30/1759203386843-231313554.png - ::1"}
{"level":"info","message":"GET /api/admin/products?limit=10&offset=0&search= - ::1"}
{"level":"info","message":"GET /products/2025-09-30/1759203386843-231313554.png - ::1"}
{"level":"info","message":"DELETE /api/admin/products/d6ea5206-e7d8-4548-92a7-ef9d6038351f - ::1"}
{"level":"info","message":"GET /api/admin/products?limit=10&offset=0&search= - ::1"}
{"level":"info","message":"GET /api/admin/categories - ::1"}
{"level":"info","message":"POST /api/admin/products - ::1"}
{"level":"info","message":"GET /api/admin/products?limit=10&offset=0&search= - ::1"}
{"level":"info","message":"GET /products/2025-09-30/1759203586883-119199791.png - ::1"}
{"level":"info","message":"GET /api/admin/products?limit=10&offset=0&search= - ::1"}
{"level":"info","message":"GET /products/2025-09-30/1759203586883-119199791.png - ::1"}
{"level":"info","message":"DELETE /api/admin/products/0adce09f-3259-427e-8cbe-cb3e13c8cb3e - ::1"}
{"level":"info","message":"GET /api/admin/products?limit=10&offset=0&search= - ::1"}
{"level":"info","message":"GET /api/admin/categories - ::1"}
{"level":"info","message":"POST /api/admin/products - ::1"}
{"level":"info","message":"GET /api/admin/categories - ::1"}
{"level":"info","message":"GET /api/admin/categories - ::1"}
{"level":"info","message":"GET /api/admin/categories?limit=10&offset=0&search= - ::1"}
{"level":"info","message":"GET /api/admin/products?limit=10&offset=0&search= - ::1"}
{"level":"info","message":"GET /api/admin/categories - ::1"}
{"level":"info","message":"POST /api/admin/products - ::1"}
{"level":"info","message":"GET /api/admin/categories - ::1"}
{"level":"info","message":"GET /api/admin/categories - ::1"}
{"level":"info","message":"GET /api/admin/categories - ::1"}
{"level":"info","message":"GET /api/admin/users?limit=10&offset=0&search= - ::1"}
{"level":"info","message":"GET /api/admin/users?limit=10&offset=0&search= - ::1"}
{"level":"info","message":"GET /api/admin/users?limit=10&offset=0&search= - ::1"}
{"level":"info","message":"GET /api/admin/users?limit=10&offset=0&search= - ::1"}
{"level":"info","message":"GET /api/admin/users?limit=10&offset=0&search= - ::1"}
{"level":"info","message":"GET /api/admin/users?limit=10&offset=0&search= - ::1"}
{"level":"info","message":"GET /api/admin/users?limit=10&offset=0&search= - ::1"}
{"level":"info","message":"GET /api/admin/categories?limit=10&offset=0&search= - ::1"}
{"level":"info","message":"GET /api/admin/products?limit=10&offset=0&search= - ::1"}
{"level":"info","message":"GET /api/admin/categories - ::1"}
{"level":"info","message":"GET /api/admin/categories - ::1"}
{"level":"info","message":"POST /api/admin/products - ::1"}
{"level":"info","message":"GET /api/admin/products?limit=10&offset=0&search= - ::1"}
{"level":"info","message":"GET /products/2025-09-30/1759205178110-89045299.png - ::1"}
{"level":"info","message":"GET /api/admin/products?limit=10&offset=0&search= - ::1"}
{"level":"info","message":"GET /products/2025-09-30/1759205178110-89045299.png - ::1"}
{"level":"info","message":"DELETE /api/admin/products/19f6bad2-ebaa-4a32-8bae-14f2dbf67751 - ::1"}
{"level":"info","message":"GET /api/admin/products?limit=10&offset=0&search= - ::1"}
{"level":"info","message":"GET /api/admin/categories - ::1"}
{"level":"info","message":"POST /api/admin/products - ::1"}
{"level":"info","message":"GET /api/admin/products?limit=10&offset=0&search= - ::1"}
{"level":"info","message":"GET /products/2025-09-30/1759205449633-566434757.png - ::1"}
{"level":"info","message":"DELETE /api/admin/products/541819aa-6ed2-4598-a50a-85a13b112c0e - ::1"}
{"level":"info","message":"GET /api/admin/products?limit=10&offset=0&search= - ::1"}
{"level":"info","message":"GET /api/admin/categories - ::1"}
{"level":"info","message":"POST /api/admin/products - ::1"}
{"level":"info","message":"GET /api/admin/products?limit=10&offset=0&search= - ::1"}
{"level":"info","message":"GET /api/admin/categories - ::1"}
{"level":"info","message":"POST /api/admin/products - ::1"}
{"level":"info","message":"GET /api/admin/products?limit=10&offset=0&search= - ::1"}
{"level":"info","message":"GET /products/2025-09-30/1759206597229-58160745.png - ::1"}
{"level":"info","message":"GET /products/2025-09-30/1759206581693-585504791.png - ::1"}
{"level":"info","message":"GET /api/admin/products?limit=10&offset=0&search= - ::1"}
{"level":"info","message":"GET /products/2025-09-30/1759206597229-58160745.png - ::1"}
{"level":"info","message":"GET /products/2025-09-30/1759206581693-585504791.png - ::1"}
{"level":"info","message":"DELETE /api/admin/products/dfbdbe42-5b46-46f0-9eac-de67638a86ba - ::1"}
{"level":"info","message":"GET /api/admin/products?limit=10&offset=0&search= - ::1"}
{"level":"info","message":"GET /products/2025-09-30/1759206581693-585504791.png - ::1"}
{"level":"info","message":"DELETE /api/admin/products/9c8c04ec-52af-4043-9c85-b452a2aaf271 - ::1"}
{"level":"info","message":"GET /api/admin/products?limit=10&offset=0&search= - ::1"}
{"level":"info","message":"GET /api/admin/products?limit=10&offset=0&search= - ::1"}
{"level":"info","message":"GET /api/admin/categories - ::1"}
{"level":"info","message":"POST /api/admin/products - ::1"}
{"level":"info","message":"GET /api/admin/categories - ::1"}
{"level":"info","message":"POST /api/admin/products - ::1"}
{"level":"info","message":"GET /api/admin/categories - ::1"}
{"level":"info","message":"POST /api/admin/products - ::1"}
{"level":"info","message":"GET /api/admin/products?limit=10&offset=0&search= - ::1"}
{"level":"info","message":"GET /products/2025-09-30/1759206767665-716132825.png - ::1"}
{"level":"info","message":"GET /api/admin/products?limit=10&offset=0&search= - ::1"}
{"level":"info","message":"GET /products/2025-09-30/1759206767665-716132825.png - ::1"}
{"level":"info","message":"DELETE /api/admin/products/403047b3-e008-4d5c-a109-4876c03c44ed - ::1"}
{"level":"info","message":"GET /api/admin/products?limit=10&offset=0&search= - ::1"}
{"level":"info","message":"GET /api/admin/products?limit=10&offset=0&search= - ::1"}
{"level":"info","message":"GET /api/admin/products?limit=10&offset=0&search= - ::1"}
{"level":"info","message":"GET /api/admin/categories - ::1"}
{"level":"info","message":"POST /api/admin/products - ::1"}
{"level":"info","message":"GET /api/admin/products?limit=10&offset=0&search= - ::1"}
{"level":"info","message":"GET /products/2025-09-30/1759206823721-354716701.png - ::1"}
{"level":"info","message":"GET /api/admin/products?limit=10&offset=0&search= - ::1"}
{"level":"info","message":"GET /api/admin/categories?limit=10&offset=0&search= - ::1"}
{"level":"info","message":"GET /api/admin/categories?limit=10&offset=0&search= - ::1"}
{"level":"info","message":"GET /api/admin/categories?limit=10&offset=0&search= - ::1"}
{"level":"info","message":"GET /api/admin/categories?limit=10&offset=0&search= - ::1"}
{"level":"info","message":"POST /api/auth/logout - ::1"}
{"level":"info","message":"POST /api/auth/login - ::1"}
{"level":"info","message":"GET /api/admin/products?limit=10&offset=0&search= - ::1"}
{"level":"info","message":"GET /products/2025-09-30/1759206823721-354716701.png - ::1"}
{"level":"info","message":"DELETE /api/admin/products/6a7a5def-7487-4d2f-aa91-9bd6390a875b - ::1"}
{"level":"info","message":"GET /api/admin/products?limit=10&offset=0&search= - ::1"}
{"level":"info","message":"GET /api/admin/categories - ::1"}
{"level":"info","message":"GET /api/admin/categories - ::1"}
{"level":"info","message":"POST /admin/products - ::1"}
{"level":"info","message":"GET /api/admin/categories - ::1"}
{"level":"info","message":"POST /admin/products - ::1"}
{"level":"info","message":"GET /api/admin/categories - ::1"}
{"level":"info","message":"GET /api/admin/categories - ::1"}
{"level":"info","message":"POST /admin/products - ::1"}
{"level":"info","message":"GET /api/admin/categories - ::1"}
{"level":"info","message":"GET /api/admin/categories - ::1"}
{"level":"info","message":"POST /api/admin/products - ::1"}
{"level":"info","message":"GET /api/admin/products?limit=10&offset=0&search= - ::1"}
{"level":"info","message":"GET /products/2025-09-30/1759207665873-806846878.png - ::1"}
{"level":"info","message":"GET /api/admin/products?limit=10&offset=0&search= - ::1"}
{"level":"info","message":"GET /products/2025-09-30/1759207665873-806846878.png - ::1"}
{"level":"info","message":"DELETE /api/admin/products/868b72ae-5027-49ec-8a98-e834fe965f9c - ::1"}
{"level":"info","message":"GET /api/admin/products?limit=10&offset=0&search= - ::1"}
{"level":"info","message":"GET /api/admin/categories - ::1"}
{"level":"info","message":"POST /api/admin/products - ::1"}
{"level":"info","message":"GET /api/admin/products?limit=10&offset=0&search= - ::1"}
{"level":"info","message":"GET /products/2025-09-30/1759207853340-784055679.png - ::1"}
{"level":"info","message":"GET /api/assets/uploads/products/2025-09-30/1759207853340-784055679.png - ::1"}
{"level":"info","message":"GET /favicon.ico - ::1"}
{"level":"info","message":"GET /api/admin/products?limit=10&offset=0&search= - ::1"}
{"level":"info","message":"GET /products/2025-09-30/1759207853340-784055679.png - ::1"}
{"level":"info","message":"DELETE /api/admin/products/f32aa8cc-0c38-4403-a937-fa82598857be - ::1"}
{"level":"info","message":"GET /api/admin/products?limit=10&offset=0&search= - ::1"}
{"level":"info","message":"GET /api/admin/categories - ::1"}
{"level":"info","message":"POST /api/admin/products - ::1"}
{"level":"info","message":"GET /api/admin/products?limit=10&offset=0&search= - ::1"}
{"level":"info","message":"GET /api/assets/uploads/products/2025-09-30/1759208071615-518234170.png - ::1"}
{"level":"info","message":"GET /api/admin/products - ::1"}
{"level":"info","message":"GET /api/admin/categories - ::1"}
{"level":"info","message":"GET /api/admin/products - ::1"}
{"level":"info","message":"GET /api/admin/categories - ::1"}
{"level":"info","message":"GET /api/assets/uploads/products/2025-09-30/1759208071615-518234170.png - ::1"}
{"level":"info","message":"PUT /api/admin/products/80a6e08a-5e24-4c13-a5ee-b2ad0c81c983 - ::1"}
{"level":"info","message":"GET /api/admin/products?limit=10&offset=0&search= - ::1"}
{"level":"info","message":"GET /api/assets/uploads/products/2025-09-30/1759208071615-518234170.png - ::1"}
{"level":"info","message":"GET /api/admin/products - ::1"}
{"level":"info","message":"GET /api/admin/categories - ::1"}
{"level":"info","message":"GET /api/assets/uploads/products/2025-09-30/1759208071615-518234170.png - ::1"}
{"level":"info","message":"PUT /api/admin/products/80a6e08a-5e24-4c13-a5ee-b2ad0c81c983 - ::1"}
{"level":"info","message":"GET /api/admin/products?limit=10&offset=0&search= - ::1"}
{"level":"info","message":"GET /api/assets/uploads/products/2025-09-30/1759208071615-518234170.png - ::1"}
{"level":"info","message":"GET /api/admin/products - ::1"}
{"level":"info","message":"GET /api/admin/categories - ::1"}
{"level":"info","message":"GET /api/assets/uploads/products/2025-09-30/1759208071615-518234170.png - ::1"}
{"level":"info","message":"GET /api/admin/products - ::1"}
{"level":"info","message":"GET /api/admin/categories - ::1"}
{"level":"info","message":"GET /api/assets/uploads/products/2025-09-30/1759208071615-518234170.png - ::1"}
{"level":"info","message":"PUT /api/admin/products/80a6e08a-5e24-4c13-a5ee-b2ad0c81c983 - ::1"}
{"level":"info","message":"GET /api/admin/products?limit=10&offset=0&search= - ::1"}
{"level":"info","message":"GET /products/2025-09-30/1759208147646-408948858.png - ::1"}
{"level":"info","message":"GET /api/admin/products - ::1"}
{"level":"info","message":"GET /api/admin/categories - ::1"}
{"level":"info","message":"GET /products/2025-09-30/1759208147646-408948858.png - ::1"}
{"level":"info","message":"PUT /api/admin/products/80a6e08a-5e24-4c13-a5ee-b2ad0c81c983 - ::1"}
{"level":"info","message":"GET /api/admin/products?limit=10&offset=0&search= - ::1"}
{"level":"info","message":"GET /api/assets/uploads/products/2025-09-30/1759208215098-203731045.png - ::1"}
{"level":"info","message":"GET /api/admin/products - ::1"}
{"level":"info","message":"GET /api/admin/categories - ::1"}
{"level":"info","message":"GET /api/assets/uploads/products/2025-09-30/1759208215098-203731045.png - ::1"}
{"level":"info","message":"GET /api/admin/products - ::1"}
{"level":"info","message":"GET /api/admin/categories - ::1"}
{"level":"info","message":"GET /api/assets/uploads/products/2025-09-30/1759208215098-203731045.png - ::1"}
{"level":"info","message":"PUT /api/admin/products/80a6e08a-5e24-4c13-a5ee-b2ad0c81c983 - ::1"}
{"level":"info","message":"GET /api/admin/products?limit=10&offset=0&search= - ::1"}
{"level":"info","message":"GET /api/assets/uploads/products/2025-09-30/1759208235208-862920161.jpg - ::1"}
{"level":"info","message":"GET /api/admin/products?limit=10&offset=0&search= - ::1"}
{"level":"info","message":"GET /api/assets/uploads/products/2025-09-30/1759208235208-862920161.jpg - ::1"}
{"level":"info","message":"GET /api/admin/products?limit=10&offset=0&search= - ::1"}
{"level":"info","message":"GET /api/assets/uploads/products/2025-09-30/1759208235208-862920161.jpg - ::1"}
{"level":"info","message":"GET /api/admin/categories - ::1"}
{"level":"info","message":"POST /api/admin/products - ::1"}
{"level":"info","message":"GET /api/admin/products?limit=10&offset=0&search= - ::1"}
{"level":"info","message":"GET /api/assets/uploads/products/2025-09-30/1759208235208-862920161.jpg - ::1"}
{"level":"info","message":"GET /api/admin/products - ::1"}
{"level":"info","message":"GET /api/admin/categories - ::1"}
{"level":"info","message":"PUT /api/admin/products/0d9f5cb7-d4ae-4762-ba8e-1b5e4349ee00 - ::1"}
{"level":"info","message":"GET /api/admin/products?limit=10&offset=0&search= - ::1"}
{"level":"info","message":"GET /api/assets/uploads/products/2025-09-30/1759208261447-373975005.png - ::1"}
{"level":"info","message":"GET /api/assets/uploads/products/2025-09-30/1759208235208-862920161.jpg - ::1"}
{"level":"info","message":"GET /api/admin/products?limit=10&offset=0&search=fg - ::1"}
{"level":"info","message":"GET /api/admin/products?limit=10&offset=0 - ::1"}
{"level":"info","message":"GET /api/assets/uploads/products/2025-09-30/1759208261447-373975005.png - ::1"}
{"level":"info","message":"GET /api/assets/uploads/products/2025-09-30/1759208235208-862920161.jpg - ::1"}
{"level":"info","message":"GET /api/admin/products?limit=10&offset=0&search=fd - ::1"}
{"level":"info","message":"GET /api/admin/products?limit=10&offset=0 - ::1"}
{"level":"info","message":"GET /api/assets/uploads/products/2025-09-30/1759208261447-373975005.png - ::1"}
{"level":"info","message":"GET /api/assets/uploads/products/2025-09-30/1759208235208-862920161.jpg - ::1"}
{"level":"info","message":"GET /api/admin/products?limit=10&offset=0&search=fd - ::1"}
{"level":"info","message":"GET /api/admin/products?limit=10&offset=0&search=fd - ::1"}
{"level":"info","message":"GET /api/assets/uploads/products/2025-09-30/1759208261447-373975005.png - ::1"}
{"level":"info","message":"GET /api/admin/products?limit=10&offset=0 - ::1"}
{"level":"info","message":"GET /api/assets/uploads/products/2025-09-30/1759208261447-373975005.png - ::1"}
{"level":"info","message":"GET /api/assets/uploads/products/2025-09-30/1759208235208-862920161.jpg - ::1"}
{"level":"info","message":"GET /api/admin/products?limit=10&offset=0 - ::1"}
{"level":"info","message":"GET /api/assets/uploads/products/2025-09-30/1759208261447-373975005.png - ::1"}
{"level":"info","message":"GET /api/assets/uploads/products/2025-09-30/1759208235208-862920161.jpg - ::1"}
{"level":"info","message":"GET /api/admin/categories?limit=10&offset=0&search= - ::1"}
{"level":"info","message":"GET /api/admin/users?limit=10&offset=0&search= - ::1"}
{"level":"info","message":"GET /api/admin/users?limit=10&offset=0&search= - ::1"}
{"level":"info","message":"GET /api/admin/users - ::1"}
{"level":"info","message":"GET /api/admin/users?limit=10&offset=0&search= - ::1"}
{"level":"info","message":"GET /api/admin/users?limit=10&offset=0&search= - ::1"}
{"level":"info","message":"GET /api/admin/users - ::1"}
{"level":"info","message":"GET /api/admin/users?limit=10&offset=0&search= - ::1"}
{"level":"info","message":"GET /api/admin/users?limit=10&offset=0&search= - ::1"}
{"level":"info","message":"GET /api/admin/users?limit=10&offset=0&search= - ::1"}
{"level":"info","message":"GET /api/admin/categories?limit=10&offset=0&search= - ::1"}
{"level":"info","message":"GET /api/admin/products?limit=10&offset=0&search= - ::1"}
{"level":"info","message":"GET /api/assets/uploads/products/2025-09-30/1759208261447-373975005.png - ::1"}
{"level":"info","message":"GET /api/assets/uploads/products/2025-09-30/1759208235208-862920161.jpg - ::1"}
{"level":"info","message":"GET /api/admin/transactions?limit=10&offset=0&search= - ::1"}
{"level":"info","message":"GET /api/admin/transactions?limit=10&offset=0&search= - ::1"}
{"level":"info","message":"GET /api/admin/transactions?limit=10&offset=0&search= - ::1"}
{"level":"info","message":"GET /api/admin/products - ::1"}
{"level":"info","message":"GET /api/admin/products - ::1"}
{"level":"info","message":"GET /api/admin/transactions?limit=10&offset=0&search= - ::1"}
{"level":"info","message":"GET /api/admin/transactions?limit=10&offset=0&search= - ::1"}
{"level":"info","message":"GET /api/admin/products - ::1"}
{"level":"info","message":"POST /api/admin/transactions - ::1"}
{"level":"info","message":"GET /api/admin/products - ::1"}
{"level":"info","message":"POST /api/admin/transactions - ::1"}
{"level":"info","message":"POST /api/admin/transactions - ::1"}
{"level":"info","message":"POST /api/admin/transactions - ::1"}
{"level":"info","message":"POST /api/admin/transactions - ::1"}
{"level":"info","message":"GET /api/admin/transactions?limit=10&offset=0&search= - ::1"}
{"level":"info","message":"GET /api/admin/transactions?limit=10&offset=0&search= - ::1"}
{"level":"info","message":"GET /api/admin/transactions?limit=10&offset=0&search= - ::1"}
{"level":"info","message":"GET /api/admin/transactions?limit=10&offset=0&search= - ::1"}
{"level":"info","message":"GET /api/admin/products - ::1"}
{"level":"info","message":"GET /api/admin/transactions?limit=10&offset=0&search= - ::1"}
{"level":"info","message":"GET /api/admin/products?limit=10&offset=0&search= - ::1"}
{"level":"info","message":"GET /api/assets/uploads/products/2025-09-30/1759208261447-373975005.png - ::1"}
{"level":"info","message":"GET /api/assets/uploads/products/2025-09-30/1759208235208-862920161.jpg - ::1"}
{"level":"info","message":"GET /api/admin/transactions?limit=10&offset=0&search= - ::1"}
{"level":"info","message":"GET /api/admin/products - ::1"}
{"level":"info","message":"POST /api/admin/transactions - ::1"}
{"level":"info","message":"GET /api/admin/products - ::1"}
{"level":"info","message":"POST /api/admin/transactions - ::1"}
{"level":"info","message":"GET /api/admin/transactions?limit=10&offset=0&search= - ::1"}
{"level":"info","message":"GET /api/admin/transactions?limit=10&offset=0&search= - ::1"}
{"level":"info","message":"GET /api/admin/transactions?limit=10&offset=0&search= - ::1"}
{"level":"info","message":"GET /api/admin/products?limit=10&offset=0&search= - ::1"}
{"level":"info","message":"GET /api/assets/uploads/products/2025-09-30/1759208261447-373975005.png - ::1"}
{"level":"info","message":"GET /api/assets/uploads/products/2025-09-30/1759208235208-862920161.jpg - ::1"}
{"level":"info","message":"GET /api/admin/transactions?limit=10&offset=0&search= - ::1"}
{"level":"info","message":"GET /api/admin/transactions?limit=10&offset=0&search=out - ::1"}
{"level":"info","message":"GET /api/admin/products - ::1"}
{"level":"info","message":"POST /api/admin/transactions - ::1"}
{"level":"info","message":"GET /api/admin/transactions?limit=10&offset=0&search= - ::1"}
{"level":"info","message":"GET /api/admin/products?limit=10&offset=0&search= - ::1"}
{"level":"info","message":"GET /api/assets/uploads/products/2025-09-30/1759208261447-373975005.png - ::1"}
{"level":"info","message":"GET /api/assets/uploads/products/2025-09-30/1759208235208-862920161.jpg - ::1"}
{"level":"info","message":"GET /api/admin/transactions?limit=10&offset=0&search= - ::1"}
{"level":"info","message":"GET /api/admin/transactions?limit=10&offset=0&search= - ::1"}
{"level":"info","message":"GET /api/admin/users?limit=10&offset=0&search= - ::1"}
{"level":"info","message":"GET /api/admin/categories?limit=10&offset=0&search= - ::1"}
{"level":"info","message":"GET /api/admin/products?limit=10&offset=0&search= - ::1"}
{"level":"info","message":"GET /api/assets/uploads/products/2025-09-30/1759208261447-373975005.png - ::1"}
{"level":"info","message":"GET /api/assets/uploads/products/2025-09-30/1759208235208-862920161.jpg - ::1"}
{"level":"info","message":"GET /api/admin/transactions?limit=10&offset=0&search= - ::1"}
{"level":"info","message":"GET /api/admin/users?limit=10&offset=0&search= - ::1"}
{"level":"info","message":"GET /api/admin/users?limit=10&offset=0&search= - ::1"}
{"level":"info","message":"GET /api/admin/categories?limit=10&offset=0&search= - ::1"}
{"level":"info","message":"GET /api/admin/products?limit=10&offset=0&search= - ::1"}
{"level":"info","message":"GET /api/assets/uploads/products/2025-09-30/1759208261447-373975005.png - ::1"}
{"level":"info","message":"GET /api/assets/uploads/products/2025-09-30/1759208235208-862920161.jpg - ::1"}
{"level":"info","message":"GET /api/admin/transactions?limit=10&offset=0&search= - ::1"}
{"level":"info","message":"GET /api/admin/transactions?limit=10&offset=0&search= - ::1"}
{"level":"info","message":"GET /api/admin/transactions?limit=10&offset=0&search= - ::1"}
{"level":"info","message":"GET /api/admin/products - ::1"}
{"level":"info","message":"POST /api/admin/transactions - ::1"}
{"level":"info","message":"GET /api/admin/transactions?limit=10&offset=0&search= - ::1"}
{"level":"info","message":"GET /api/admin/products - ::1"}
{"level":"info","message":"POST /api/admin/transactions - ::1"}
{"level":"info","message":"GET /api/admin/products - ::1"}
{"level":"info","message":"GET /api/admin/products?limit=10&offset=0&search= - ::1"}
{"level":"info","message":"GET /api/assets/uploads/products/2025-09-30/1759208261447-373975005.png - ::1"}
{"level":"info","message":"GET /api/assets/uploads/products/2025-09-30/1759208235208-862920161.jpg - ::1"}
{"level":"info","message":"GET /api/admin/transactions?limit=10&offset=0&search= - ::1"}
{"level":"info","message":"GET /api/admin/users?limit=10&offset=0&search= - ::1"}
{"level":"info","message":"GET /api/admin/categories?limit=10&offset=0&search= - ::1"}
{"level":"info","message":"GET /api/admin/products?limit=10&offset=0&search= - ::1"}
{"level":"info","message":"GET /api/assets/uploads/products/2025-09-30/1759208261447-373975005.png - ::1"}
{"level":"info","message":"GET /api/assets/uploads/products/2025-09-30/1759208235208-862920161.jpg - ::1"}
{"level":"info","message":"GET /api/admin/categories?limit=10&offset=0&search= - ::1"}
{"level":"info","message":"GET /api/admin/users?limit=10&offset=0&search= - ::1"}
{"level":"info","message":"GET /api/admin/transactions?limit=10&offset=0&search= - ::1"}
{"level":"info","message":"POST /api/auth/logout - ::1"}
{"level":"info","message":"POST /api/auth/login - ::1"}
{"level":"info","message":"GET /api/admin/users?limit=10&offset=0&search= - ::1"}
{"level":"info","message":"GET /api/admin/categories?limit=1000&offset=0&search= - ::1"}
{"level":"info","message":"GET /api/admin/categories?limit=1000&offset=0&search= - ::1"}
{"level":"info","message":"GET /api/admin/users?limit=10&offset=0&search= - ::1"}
{"level":"info","message":"GET /api/admin/users?limit=10&offset=0&search= - ::1"}
{"level":"info","message":"GET /api/admin/categories?limit=1000&offset=0&search= - ::1"}
{"level":"info","message":"GET /api/admin/categories?limit=1000&offset=0&search= - ::1"}
{"level":"info","message":"GET /api/admin/products?limit=10&offset=0&search= - ::1"}
{"level":"info","message":"GET /api/admin/products?limit=10&offset=0&search= - ::1"}
{"level":"info","message":"GET /api/admin/transactions?limit=10&offset=0&search= - ::1"}
{"level":"info","message":"GET /api/admin/transactions?limit=10&offset=0&search= - ::1"}
{"level":"info","message":"GET /api/admin/users?limit=10&offset=0&search= - ::1"}
{"level":"info","message":"GET /api/admin/users - ::1"}
{"level":"info","message":"GET /api/admin/users?limit=10&offset=0&search= - ::1"}
{"level":"info","message":"GET /api/admin/categories?limit=1000&offset=0&search= - ::1"}
{"level":"info","message":"GET /api/admin/users?limit=10&offset=0&search= - ::1"}
{"level":"info","message":"GET /api/admin/products?limit=10&offset=0&search= - ::1"}
{"level":"info","message":"GET /api/admin/categories - ::1"}
{"level":"info","message":"GET /api/admin/categories?limit=1000&offset=0&search= - ::1"}
{"level":"info","message":"POST /api/admin/categories - ::1"}
{"level":"info","message":"GET /api/admin/categories?limit=1000&offset=0&search= - ::1"}
{"level":"info","message":"GET /api/admin/products?limit=10&offset=0&search= - ::1"}
{"level":"info","message":"GET /api/admin/categories - ::1"}
{"level":"info","message":"POST /api/admin/products - ::1"}
{"level":"info","message":"GET /api/admin/products?limit=10&offset=0&search= - ::1"}
{"level":"info","message":"GET /api/assets/uploads/products/2025-09-30/1759211307170-348117836.png - ::1"}
{"level":"info","message":"GET /api/admin/products?limit=10&offset=0&search= - ::1"}
{"level":"info","message":"GET /api/assets/uploads/products/2025-09-30/1759211307170-348117836.png - ::1"}
{"level":"info","message":"GET /api/admin/products?limit=10&offset=0&search= - ::1"}
{"level":"info","message":"GET /api/assets/uploads/products/2025-09-30/1759211307170-348117836.png - ::1"}
{"level":"info","message":"GET /api/admin/products?limit=10&offset=0&search= - ::1"}
{"level":"info","message":"GET /api/assets/uploads/products/2025-09-30/1759211307170-348117836.png - ::1"}
{"level":"info","message":"DELETE /api/admin/products/685a54f5-685d-4f6b-a402-8444cadcfbd5 - ::1"}
{"level":"info","message":"GET /api/admin/products?limit=10&offset=0&search= - ::1"}
{"level":"info","message":"GET /api/admin/products?limit=10&offset=0&search= - ::1"}
{"level":"info","message":"GET /api/admin/products?limit=10&offset=0&search= - ::1"}
{"level":"info","message":"POST /api/auth/logout - ::1"}
{"level":"info","message":"POST /api/auth/login - ::1"}
{"level":"info","message":"GET /api/admin/users?limit=10&offset=0&search= - ::1"}
{"level":"info","message":"GET /api/admin/categories?limit=1000&offset=0&search= - ::1"}
{"level":"info","message":"GET /api/admin/products?limit=10&offset=0&search= - ::1"}
{"level":"info","message":"GET /api/admin/categories?limit=1000&offset=0&search= - ::1"}
{"level":"info","message":"GET /api/admin/transactions?limit=10&offset=0&search= - ::1"}
{"level":"info","message":"GET /api/admin/users?limit=10&offset=0&search= - ::1"}
{"level":"info","message":"GET /api/admin/users?limit=10&offset=0&search= - ::1"}
{"level":"info","message":"GET /api/admin/users?limit=10&offset=0&search= - ::1"}
{"level":"info","message":"GET /api/admin/users?limit=10&offset=0&search= - ::1"}
{"level":"info","message":"GET /api/admin/users?limit=10&offset=0&search= - ::1"}
{"level":"info","message":"GET /api/admin/users?limit=10&offset=0&search= - ::1"}
{"level":"info","message":"GET /api/admin/users?limit=10&offset=0&search= - ::1"}
{"level":"info","message":"GET /api/admin/users?limit=10&offset=0&search= - ::1"}
{"level":"info","message":"GET /api/admin/users?limit=10&offset=0&search= - ::1"}
{"level":"info","message":"GET /api/admin/users?limit=10&offset=0&search= - ::1"}
{"level":"info","message":"GET /api/admin/users?limit=10&offset=0&search= - ::1"}
{"level":"info","message":"GET /api/admin/users?limit=10&offset=0&search= - ::1"}
{"level":"info","message":"GET /api/admin/users?limit=10&offset=0&search= - ::1"}
{"level":"info","message":"GET /api/admin/users?limit=10&offset=0&search= - ::1"}
{"level":"info","message":"GET /api/admin/categories?limit=1000&offset=0&search= - ::1"}
{"level":"info","message":"GET /api/admin/users?limit=10&offset=0&search= - ::1"}
{"level":"info","message":"GET /api/admin/categories?limit=1000&offset=0&search= - ::1"}
{"level":"info","message":"GET /api/admin/users?limit=10&offset=0&search= - ::1"}
{"level":"info","message":"GET /api/admin/users?limit=10&offset=0&search= - ::1"}
{"level":"info","message":"POST /api/auth/logout - ::1"}
{"level":"info","message":"POST /api/auth/logout - ::1"}
{"level":"info","message":"POST /api/auth/logout - ::1"}
{"level":"info","message":"GET /api/admin/users?limit=10&offset=0&search= - ::1"}
{"level":"info","message":"GET /api/admin/users?limit=10&offset=0&search= - ::1"}
{"level":"info","message":"GET /api/admin/users?limit=10&offset=0&search= - ::1"}
{"level":"info","message":"GET /api/admin/users?limit=10&offset=0&search= - ::1"}
{"level":"info","message":"GET /api/admin/users?limit=10&offset=0&search= - ::1"}
{"level":"info","message":"GET /api/admin/users?limit=10&offset=0&search= - ::1"}
{"level":"info","message":"POST /api/auth/login - ::1"}
{"level":"info","message":"GET /api/admin/users?limit=10&offset=0&search= - ::1"}
{"level":"info","message":"GET /api/admin/categories?limit=1000&offset=0&search= - ::1"}
{"level":"info","message":"POST /api/auth/login - ::1"}
{"level":"info","message":"POST /api/auth/login - ::1"}
{"level":"info","message":"GET /api/admin/users?limit=10&offset=0&search= - ::1"}
{"level":"info","message":"GET /api/admin/categories?limit=1000&offset=0&search= - ::1"}
{"level":"info","message":"POST /api/auth/login - ::1"}
{"level":"info","message":"GET /api/admin/users?limit=10&offset=0&search= - ::1"}
{"level":"info","message":"GET /api/admin/categories?limit=1000&offset=0&search= - ::1"}
{"level":"info","message":"GET /api/admin/products?limit=10&offset=0&search= - ::1"}
{"level":"info","message":"GET /api/admin/transactions?limit=10&offset=0&search= - ::1"}
{"level":"info","message":"GET /api/admin/users?limit=10&offset=0&search= - ::1"}
{"level":"info","message":"GET /api/admin/users?limit=10&offset=0&search= - ::1"}
{"level":"info","message":"POST /api/auth/login - ::1"}
{"level":"info","message":"GET /api/admin/users?limit=10&offset=0&search= - ::1"}
{"level":"info","message":"GET /api/admin/categories?limit=1000&offset=0&search= - ::1"}
{"level":"info","message":"GET /api/admin/products?limit=10&offset=0&search= - ::1"}
{"level":"info","message":"GET /api/admin/categories?limit=1000&offset=0&search= - ::1"}
{"level":"info","message":"POST /api/auth/login - ::1"}
{"level":"info","message":"GET /api/admin/users?limit=10&offset=0&search= - ::1"}
{"level":"info","message":"GET /api/admin/categories?limit=1000&offset=0&search= - ::1"}
{"level":"info","message":"GET /api/admin/products?limit=10&offset=0&search= - ::1"}
{"level":"info","message":"POST /api/auth/login - ::1"}
{"level":"info","message":"GET /api/admin/users?limit=10&offset=0&search= - ::1"}
{"level":"info","message":"GET /api/admin/categories?limit=1000&offset=0&search= - ::1"}
{"level":"info","message":"GET /api/admin/products?limit=10&offset=0&search= - ::1"}
{"level":"info","message":"GET /api/admin/transactions?limit=10&offset=0&search= - ::1"}
{"level":"info","message":"GET /api/admin/products?limit=10&offset=0&search= - ::1"}
{"level":"info","message":"GET /api/admin/categories - ::1"}
{"level":"info","message":"POST /api/admin/products - ::1"}
{"level":"info","message":"GET /api/admin/products?limit=10&offset=0&search= - ::1"}
{"level":"info","message":"GET /api/assets/uploads/products/2025-09-30/1759212631588-172556889.png - ::1"}
{"level":"info","message":"GET /api/admin/transactions?limit=10&offset=0&search= - ::1"}
{"level":"info","message":"GET /api/admin/products - ::1"}
{"level":"info","message":"POST /api/admin/transactions - ::1"}
{"level":"info","message":"GET /api/admin/transactions?limit=10&offset=0&search= - ::1"}
{"level":"info","message":"GET /api/admin/products?limit=10&offset=0&search= - ::1"}
{"level":"info","message":"GET /api/assets/uploads/products/2025-09-30/1759212631588-172556889.png - ::1"}
{"level":"info","message":"GET /api/admin/transactions?limit=10&offset=0&search= - ::1"}
{"level":"info","message":"GET /api/admin/products - ::1"}
{"level":"info","message":"POST /api/admin/transactions - ::1"}
{"level":"info","message":"GET /api/admin/products - ::1"}
{"level":"info","message":"POST /api/admin/transactions - ::1"}
{"level":"info","message":"GET /api/admin/transactions?limit=10&offset=0&search= - ::1"}
{"level":"info","message":"GET /api/admin/products?limit=10&offset=0&search= - ::1"}
{"level":"info","message":"GET /api/assets/uploads/products/2025-09-30/1759212631588-172556889.png - ::1"}
{"level":"info","message":"GET /api/admin/transactions?limit=10&offset=0&search= - ::1"}
{"level":"info","message":"GET /api/admin/products?limit=10&offset=0&search= - ::1"}
{"level":"info","message":"GET /api/assets/uploads/products/2025-09-30/1759212631588-172556889.png - ::1"}
{"level":"info","message":"DELETE /api/admin/products/dae5d5bf-b084-4ced-b754-3f1c4429c230 - ::1"}
{"level":"info","message":"GET /api/admin/products?limit=10&offset=0&search= - ::1"}
{"level":"info","message":"GET /api/admin/transactions?limit=10&offset=0&search= - ::1"}
{"level":"info","message":"GET /api/admin/transactions?limit=10&offset=0&search= - ::1"}
{"level":"info","message":"GET /api/admin/products - ::1"}
{"level":"info","message":"GET /api/admin/products?limit=10&offset=0&search= - ::1"}
{"level":"info","message":"GET /api/admin/transactions?limit=10&offset=0&search= - ::1"}
{"level":"info","message":"GET /api/admin/categories?limit=1000&offset=0&search= - ::1"}
{"level":"info","message":"GET /api/admin/users?limit=10&offset=0&search= - ::1"}
{"level":"info","message":"GET /api/admin/users?limit=10&offset=0&search= - ::1"}
{"level":"info","message":"GET /api/admin/categories?limit=1000&offset=0&search= - ::1"}
